{
  "stats": {
    "suites": 1,
    "tests": 1,
    "passes": 1,
    "pending": 0,
    "failures": 0,
    "start": "2023-04-01T18:02:01.452Z",
    "end": "2023-04-01T18:02:01.916Z",
    "duration": 464,
    "testsRegistered": 1,
    "passPercent": 100,
    "pendingPercent": 0,
    "other": 0,
    "hasOther": false,
    "skipped": 0,
    "hasSkipped": false
  },
  "results": [
    {
      "uuid": "5ae9428d-1d71-48c9-8808-4059a391b4e2",
      "title": "",
      "fullFile": "cypress/integration/Login/tests/POST.login.spec.js",
      "file": "cypress/integration/Login/tests/POST.login.spec.js",
      "beforeHooks": [],
      "afterHooks": [],
      "tests": [],
      "suites": [
        {
          "uuid": "63d8225e-969a-4ba1-ab27-7aa0eba3acaa",
          "title": "POST /login",
          "fullFile": "",
          "file": "",
          "beforeHooks": [],
          "afterHooks": [],
          "tests": [
            {
              "title": "Should log in an account",
              "fullTitle": "POST /login Should log in an account",
              "timedOut": null,
              "duration": 437,
              "state": "passed",
              "speed": "slow",
              "pass": true,
              "fail": false,
              "pending": false,
              "context": "\"videos/Login/tests/POST.login.spec.js.mp4\"",
              "code": "POSTlogin.login().then(function (response) {//     / token = response.body.authorization\n}).as('response');\ncy.get('@response').then(function (response) {\n  expect(response.status).to.be.equal(200);\n  cy.log(token);\n});",
              "err": {},
              "uuid": "3ee9836d-db3c-402c-997a-ddfef6bcabc0",
              "parentUUID": "63d8225e-969a-4ba1-ab27-7aa0eba3acaa",
              "isHook": false,
              "skipped": false
            }
          ],
          "suites": [],
          "passes": [
            "3ee9836d-db3c-402c-997a-ddfef6bcabc0"
          ],
          "failures": [],
          "pending": [],
          "skipped": [],
          "duration": 437,
          "root": false,
          "rootEmpty": false,
          "_timeout": 2000
        }
      ],
      "passes": [],
      "failures": [],
      "pending": [],
      "skipped": [],
      "duration": 0,
      "root": true,
      "rootEmpty": true,
      "_timeout": 2000
    }
  ],
  "meta": {
    "mocha": {
      "version": "7.0.1"
    },
    "mochawesome": {
      "options": {
        "quiet": true,
        "reportFilename": "mochawesome",
        "saveHtml": false,
        "saveJson": true,
        "consoleReporter": "spec",
        "useInlineDiffs": false,
        "code": true
      },
      "version": "7.1.3"
    },
    "marge": {
      "options": {
        "id": "default",
        "reporterDir": "mochawesome-report",
        "quiet": true,
        "overwrite": false,
        "html": false,
        "json": true
      },
      "version": "6.2.0"
    }
  }
}