{
  "stats": {
    "suites": 1,
    "tests": 3,
    "passes": 3,
    "pending": 0,
    "failures": 0,
    "start": "2023-04-01T18:02:12.212Z",
    "end": "2023-04-01T18:02:14.371Z",
    "duration": 2159,
    "testsRegistered": 3,
    "passPercent": 100,
    "pendingPercent": 0,
    "other": 0,
    "hasOther": false,
    "skipped": 0,
    "hasSkipped": false
  },
  "results": [
    {
      "uuid": "786e4930-2a47-419b-8a6b-835357a9493a",
      "title": "",
      "fullFile": "cypress/integration/Users/tests/PUT.user.spec.js",
      "file": "cypress/integration/Users/tests/PUT.user.spec.js",
      "beforeHooks": [],
      "afterHooks": [],
      "tests": [],
      "suites": [
        {
          "uuid": "3fbee5df-43ef-42cc-ad04-73b05f00fda2",
          "title": "PUT Usuarios",
          "fullFile": "",
          "file": "",
          "beforeHooks": [],
          "afterHooks": [],
          "tests": [
            {
              "title": "Update  user",
              "fullTitle": "PUT Usuarios Update  user",
              "timedOut": null,
              "duration": 737,
              "state": "passed",
              "speed": "slow",
              "pass": true,
              "fail": false,
              "pending": false,
              "context": "\"videos/Users/tests/PUT.user.spec.js.mp4\"",
              "code": "PUTprodutos.putUser(id, name, job).should(function (updateUser) {\n  expect(updateUser.status).to.eq(200);\n});",
              "err": {},
              "uuid": "13dbace2-7746-4443-ae93-bd233a49821d",
              "parentUUID": "3fbee5df-43ef-42cc-ad04-73b05f00fda2",
              "isHook": false,
              "skipped": false
            },
            {
              "title": "Patch  user",
              "fullTitle": "PUT Usuarios Patch  user",
              "timedOut": null,
              "duration": 703,
              "state": "passed",
              "speed": "slow",
              "pass": true,
              "fail": false,
              "pending": false,
              "context": "\"videos/Users/tests/PUT.user.spec.js.mp4\"",
              "code": "PATCHprodutos.patchUser(id, name, job).should(function (patchUser) {\n  expect(patchUser.status).to.eq(200);\n});",
              "err": {},
              "uuid": "8e4c6bf2-0d7c-459b-873f-7293c03d03c2",
              "parentUUID": "3fbee5df-43ef-42cc-ad04-73b05f00fda2",
              "isHook": false,
              "skipped": false
            },
            {
              "title": "Delete  user",
              "fullTitle": "PUT Usuarios Delete  user",
              "timedOut": null,
              "duration": 696,
              "state": "passed",
              "speed": "slow",
              "pass": true,
              "fail": false,
              "pending": false,
              "context": "\"videos/Users/tests/PUT.user.spec.js.mp4\"",
              "code": "DELETEprodutos.deleteUser(id).should(function (deletUser) {\n  expect(deletUser.status).to.eq(204);\n});",
              "err": {},
              "uuid": "ee11b95c-0b2e-4575-b208-733ecf80b8e3",
              "parentUUID": "3fbee5df-43ef-42cc-ad04-73b05f00fda2",
              "isHook": false,
              "skipped": false
            }
          ],
          "suites": [],
          "passes": [
            "13dbace2-7746-4443-ae93-bd233a49821d",
            "8e4c6bf2-0d7c-459b-873f-7293c03d03c2",
            "ee11b95c-0b2e-4575-b208-733ecf80b8e3"
          ],
          "failures": [],
          "pending": [],
          "skipped": [],
          "duration": 2136,
          "root": false,
          "rootEmpty": false,
          "_timeout": 2000
        }
      ],
      "passes": [],
      "failures": [],
      "pending": [],
      "skipped": [],
      "duration": 0,
      "root": true,
      "rootEmpty": true,
      "_timeout": 2000
    }
  ],
  "meta": {
    "mocha": {
      "version": "7.0.1"
    },
    "mochawesome": {
      "options": {
        "quiet": true,
        "reportFilename": "mochawesome",
        "saveHtml": false,
        "saveJson": true,
        "consoleReporter": "spec",
        "useInlineDiffs": false,
        "code": true
      },
      "version": "7.1.3"
    },
    "marge": {
      "options": {
        "id": "default",
        "reporterDir": "mochawesome-report",
        "quiet": true,
        "overwrite": false,
        "html": false,
        "json": true
      },
      "version": "6.2.0"
    }
  }
}