{
  "stats": {
    "suites": 1,
    "tests": 1,
    "passes": 1,
    "pending": 0,
    "failures": 0,
    "start": "2023-04-02T05:29:39.492Z",
    "end": "2023-04-02T05:29:39.907Z",
    "duration": 415,
    "testsRegistered": 1,
    "passPercent": 100,
    "pendingPercent": 0,
    "other": 0,
    "hasOther": false,
    "skipped": 0,
    "hasSkipped": false
  },
  "results": [
    {
      "uuid": "ca8cd20b-bb43-40b4-bfff-e9b09e245be3",
      "title": "",
      "fullFile": "cypress/integration/Users/tests/GET.user.spec.js",
      "file": "cypress/integration/Users/tests/GET.user.spec.js",
      "beforeHooks": [],
      "afterHooks": [],
      "tests": [],
      "suites": [
        {
          "uuid": "8e474dab-45a9-428c-b285-4fd824743ae7",
          "title": "GET Usuarios",
          "fullFile": "",
          "file": "",
          "beforeHooks": [],
          "afterHooks": [],
          "tests": [
            {
              "title": "GET  user",
              "fullTitle": "GET Usuarios GET  user",
              "timedOut": null,
              "duration": 388,
              "state": "passed",
              "speed": "slow",
              "pass": true,
              "fail": false,
              "pending": false,
              "context": "\"videos/Users/tests/GET.user.spec.js.mp4\"",
              "code": "GETprodutos.getUser(2).should(function (findUser) {\n  expect(findUser.status).to.eq(200);\n});",
              "err": {},
              "uuid": "6398c95f-b4d3-4698-96ab-dbe6258508cc",
              "parentUUID": "8e474dab-45a9-428c-b285-4fd824743ae7",
              "isHook": false,
              "skipped": false
            }
          ],
          "suites": [],
          "passes": [
            "6398c95f-b4d3-4698-96ab-dbe6258508cc"
          ],
          "failures": [],
          "pending": [],
          "skipped": [],
          "duration": 388,
          "root": false,
          "rootEmpty": false,
          "_timeout": 2000
        }
      ],
      "passes": [],
      "failures": [],
      "pending": [],
      "skipped": [],
      "duration": 0,
      "root": true,
      "rootEmpty": true,
      "_timeout": 2000
    }
  ],
  "meta": {
    "mocha": {
      "version": "7.0.1"
    },
    "mochawesome": {
      "options": {
        "quiet": true,
        "reportFilename": "mochawesome",
        "saveHtml": false,
        "saveJson": true,
        "consoleReporter": "spec",
        "useInlineDiffs": false,
        "code": true
      },
      "version": "7.1.3"
    },
    "marge": {
      "options": {
        "id": "default",
        "reporterDir": "mochawesome-report",
        "quiet": true,
        "overwrite": false,
        "html": false,
        "json": true
      },
      "version": "6.2.0"
    }
  }
}